C51 COMPILER V9.55   MAIN                                                                  07/02/2016 11:41:41 PAGE 1   


C51 COMPILER V9.55, COMPILATION OF MODULE MAIN
OBJECT MODULE PLACED IN .\Objects\main.obj
COMPILER INVOKED BY: C:\Keil_v5\C51\BIN\C51.EXE main.c OPTIMIZE(8,SPEED) BROWSE DEBUG OBJECTEXTEND PRINT(.\Listings\main
                    -.lst) TABS(2) OBJECT(.\Objects\main.obj)

line level    source

   1          /*  Name     : main.c
   2           *  Purpose  : Main file for generating pwm using AT89S8253 vary dutycle thus control the speed of motor
   3           *  Author   : Etiq Technologies
   4           *  Date     : 25/04/2016 
   5           *  Revision : None
   6           */
   7          #include <REG8253.H>
   8          #include "delay.h"
   9          
  10          int main(void)
  11          {       //portD configured as output
  12   1        /*values for step wise rotation are loaded into PORTD in a continous while loop*/
  13   1          while(1) 
  14   1          {
  15   2          P3=0x01;
  16   2          delay_ms(1000);
  17   2          P3=0x04;
  18   2          delay_ms(1000);
  19   2          P3=0x02;
  20   2          delay_ms(1000);
  21   2          P3=0x08;
  22   2          delay_ms(1000);
  23   2          }
  24   1      }
  25          


MODULE INFORMATION:   STATIC OVERLAYABLE
   CODE SIZE        =     42    ----
   CONSTANT SIZE    =   ----    ----
   XDATA SIZE       =   ----    ----
   PDATA SIZE       =   ----    ----
   DATA SIZE        =   ----    ----
   IDATA SIZE       =   ----    ----
   BIT SIZE         =   ----    ----
END OF MODULE INFORMATION.


C51 COMPILATION COMPLETE.  0 WARNING(S),  0 ERROR(S)
